<?xml version="1.0" encoding="UTF-8"?>
<!-- Generated by org.testng.reporters.JUnitXMLReporter -->
<testsuite ignored="2" hostname="DESKTOP-PU497JM" failures="0" tests="2" name="Test" time="54.612" errors="0" timestamp="2024-11-24T19:40:34 IST">
  <testcase classname="test.TC001_LoginTest" name="LoginTest" time="8.607"/>
  <testcase classname="test.TC002_SearchTest" name="SearchTest" time="7.534"/>
  <testcase classname="base.ProjectMethod" name="@BeforeTest report" time="0.0">
    <ignored/>
  </testcase> <!-- @BeforeTest report -->
  <testcase classname="base.ProjectMethod" name="@AfterTest reportClose" time="0.0">
    <ignored/>
  </testcase> <!-- @AfterTest reportClose -->
</testsuite> <!-- Test -->
