<?xml version="1.0" encoding="UTF-8"?>
<!-- Generated by org.testng.reporters.JUnitXMLReporter -->
<testsuite ignored="1" hostname="DESKTOP-PU497JM" failures="1" tests="2" name="Test" time="30.527" errors="0" timestamp="2024-11-24T18:04:28 IST">
  <testcase classname="base.ProjectMethod" name="@AfterClass reportClose" time="0.01">
    <failure type="java.lang.NullPointerException" message="Cannot invoke &amp;quot;com.aventstack.extentreports.ExtentReports.flush()&amp;quot; because &amp;quot;this.extent&amp;quot; is null">
      <![CDATA[java.lang.NullPointerException: Cannot invoke "com.aventstack.extentreports.ExtentReports.flush()" because "this.extent" is null
at base.ProjectMethod.reportClose(ProjectMethod.java:62)
at java.base/java.util.ArrayList.forEach(ArrayList.java:1596)
... Removed 24 stack frames]]>
    </failure>
  </testcase> <!-- @AfterClass reportClose -->
  <testcase classname="test.TC001_LoginTest" name="LoginTest" time="0.704"/>
  <testcase classname="test.TC002_SearchTest" name="SearchTest" time="0.095">
    <failure type="java.lang.NullPointerException" message="Cannot invoke &amp;quot;com.aventstack.extentreports.ExtentReports.createTest(String)&amp;quot; because &amp;quot;this.extent&amp;quot; is null">
      <![CDATA[java.lang.NullPointerException: Cannot invoke "com.aventstack.extentreports.ExtentReports.createTest(String)" because "this.extent" is null
at test.TC002_SearchTest.SearchTest(TC002_SearchTest.java:14)
at java.base/java.util.ArrayList.forEach(ArrayList.java:1596)
... Removed 25 stack frames]]>
    </failure>
  </testcase> <!-- SearchTest -->
  <testcase classname="base.ProjectMethod" name="@BeforeSuite report" time="0.0">
    <ignored/>
  </testcase> <!-- @BeforeSuite report -->
</testsuite> <!-- Test -->
